<?xml version="1.0" encoding="UTF-8"?>
<testng-results ignored="0" total="2" passed="2" failed="0" skipped="0">
  <reporter-output>
  </reporter-output>
  <suite started-at="2025-09-07T20:50:11 IST" name="TestSuite" finished-at="2025-09-07T20:50:39 IST" duration-ms="27595">
    <groups>
    </groups>
    <test started-at="2025-09-07T20:50:11 IST" name="UITests" finished-at="2025-09-07T20:50:33 IST" duration-ms="21935">
      <class name="com.example.tests.ui.LoginUITest">
        <test-method is-config="true" signature="setUp()[pri:0, instance:com.example.tests.ui.LoginUITest@57a3af25]" started-at="2025-09-07T20:50:12 IST" name="setUp" finished-at="2025-09-07T20:50:16 IST" duration-ms="4041" status="PASS">
          <reporter-output>
          </reporter-output>
        </test-method> <!-- setUp -->
        <test-method signature="testCompleteFlightBooking()[pri:0, instance:com.example.tests.ui.LoginUITest@57a3af25]" started-at="2025-09-07T20:50:16 IST" name="testCompleteFlightBooking" finished-at="2025-09-07T20:50:31 IST" duration-ms="15205" status="PASS">
          <reporter-output>
          </reporter-output>
        </test-method> <!-- testCompleteFlightBooking -->
        <test-method is-config="true" signature="tearDown()[pri:0, instance:com.example.tests.ui.LoginUITest@57a3af25]" started-at="2025-09-07T20:50:31 IST" name="tearDown" finished-at="2025-09-07T20:50:33 IST" duration-ms="2364" status="PASS">
          <reporter-output>
          </reporter-output>
        </test-method> <!-- tearDown -->
      </class> <!-- com.example.tests.ui.LoginUITest -->
    </test> <!-- UITests -->
    <test started-at="2025-09-07T20:50:34 IST" name="APITests" finished-at="2025-09-07T20:50:39 IST" duration-ms="4531">
      <class name="com.example.tests.api.ReqResApiTest">
        <test-method signature="testGetUsers()[pri:0, instance:com.example.tests.api.ReqResApiTest@4c583ecf]" started-at="2025-09-07T20:50:34 IST" name="testGetUsers" finished-at="2025-09-07T20:50:39 IST" duration-ms="4527" status="PASS">
          <reporter-output>
          </reporter-output>
        </test-method> <!-- testGetUsers -->
      </class> <!-- com.example.tests.api.ReqResApiTest -->
    </test> <!-- APITests -->
  </suite> <!-- TestSuite -->
</testng-results>
